
ROM used:   1036/8192 (13%)
            1036/8192 (13%) including unused fragments

            1.1 Average locations per line
            11.5 Average locations per statement

RAM used:   20/368 (5%) at main() level
            34/368 (9%) worst case

Stack used: 5 worst case (5 in main + 0 for interrupts)
Stack size: 8

Lines Stmts  %   Files
----- ----- ---  -----
   78    46  51  main.c
  674     0   0  C:\Program Files (x86)\PICC5\Devices\16F877A.h
  221    44  49  lcd16x2.c
----- -----
  973    90 Total

Page ROM  %  RAM    Vol Diff  Functions:
---- --- --- ---    --- ----  ----------
0     20   2    1             @delay_ms1
0      8   1    0    290  2.3  @const597
0     44   4    1    326  2.8  lcd_send_nibble
0     39   4    3    235  3.8  lcd_send_byte
0     47   5    2    380  4.7  lcd_init
0     18   2    4    186  5.5  lcd_gotoxy
0     36   3    1    277  3.8  lcd_putc
0     87   8    9    797  6.9  ReadCount
0    266  26    8    904  6.2  MAIN
0      9   1    0     74  2.6  @const628
0     86   8    4             @PSTRINGC7_610
0      9   1    0             @const633
0     11   1    0             @const634
0     87   8    5             @PSTRINGCN7_610
0     99  10    9             @PRINTF_LU_610
0     11   1    0             @const639
0     37   4    5             @DIV1616
0     10   1    0             @const643
0     21   2    3             @DIV88
0     87   8    6             @PRINTF_D_610
 Inline         0             @cinit1

Program metrics:
    Functions               9
    Statements              90
    Comments                156
    Volume (V)              5341
    Difficulty (D)          37.6
    Effort to implement (E) 200559
    Time to implement (T)   3 hours, 6 minutes
    Est Delivered Bugs (B)  1
    Cyclomatic Complexity   13
    Maintainability (MI)    108

 Segment     Used  Free
-----------  ----  ----
00000-00003     4  0  
00004-007FF  1032  1012  
00800-00FFF     0  2048  
01000-017FF     0  2048  
01800-01FFF     0  2048  



